<?xml version="1.0" encoding="UTF-8"?>
<!-- Generated by org.testng.reporters.JUnitXMLReporter -->
<testsuite ignored="0" hostname="DESKTOP-S4FF1A9" failures="1" tests="1" name="Test(failed)(failed)" time="138.764" errors="0" timestamp="2024-06-14T17:55:09 IST">
  <testcase classname="testCases.TC_002_AccountLogInTest" name="verifyAccountDetails" time="30.079">
    <failure type="java.lang.AssertionError" message="null">
      <![CDATA[java.lang.AssertionError: null
at testCases.TC_002_AccountLogInTest.verifyAccountDetails(TC_002_AccountLogInTest.java:66)
at java.base/java.util.ArrayList.forEach(ArrayList.java:1511)
... Removed 29 stack frames]]>
    </failure>
  </testcase> <!-- verifyAccountDetails -->
</testsuite> <!-- Test(failed)(failed) -->
